c:\users\влад\source\repos\windowsproject1\windowsproject1\x64\debug\vc143.pdb
c:\users\влад\source\repos\windowsproject1\windowsproject1\x64\debug\vc143.idb
c:\users\влад\source\repos\windowsproject1\windowsproject1\x64\debug\windowsproject1.obj
c:\users\влад\source\repos\windowsproject1\windowsproject1\x64\debug\windowsproject1.res
c:\users\влад\source\repos\windowsproject1\windowsproject1\x64\debug\windowsproject1.ilk
c:\users\влад\source\repos\windowsproject1\windowsproject1\x64\debug\windowsproject1.pdb
c:\users\влад\source\repos\windowsproject1\x64\debug\windowsproject1.pdb
c:\users\влад\source\repos\windowsproject1\windowsproject1\x64\debug\windowsproject1.tlog\cl.command.1.tlog
c:\users\влад\source\repos\windowsproject1\windowsproject1\x64\debug\windowsproject1.tlog\cl.items.tlog
c:\users\влад\source\repos\windowsproject1\windowsproject1\x64\debug\windowsproject1.tlog\cl.read.1.tlog
c:\users\влад\source\repos\windowsproject1\windowsproject1\x64\debug\windowsproject1.tlog\cl.write.1.tlog
c:\users\влад\source\repos\windowsproject1\windowsproject1\x64\debug\windowsproject1.tlog\link-cvtres.read.1.tlog
c:\users\влад\source\repos\windowsproject1\windowsproject1\x64\debug\windowsproject1.tlog\link-cvtres.write.1.tlog
c:\users\влад\source\repos\windowsproject1\windowsproject1\x64\debug\windowsproject1.tlog\link-rc.read.1.tlog
c:\users\влад\source\repos\windowsproject1\windowsproject1\x64\debug\windowsproject1.tlog\link-rc.write.1.tlog
c:\users\влад\source\repos\windowsproject1\windowsproject1\x64\debug\windowsproject1.tlog\link.8288-cvtres.read.1.tlog
c:\users\влад\source\repos\windowsproject1\windowsproject1\x64\debug\windowsproject1.tlog\link.8288-cvtres.write.1.tlog
c:\users\влад\source\repos\windowsproject1\windowsproject1\x64\debug\windowsproject1.tlog\link.8288-rc.read.1.tlog
c:\users\влад\source\repos\windowsproject1\windowsproject1\x64\debug\windowsproject1.tlog\link.8288-rc.write.1.tlog
c:\users\влад\source\repos\windowsproject1\windowsproject1\x64\debug\windowsproject1.tlog\link.8288.read.1.tlog
c:\users\влад\source\repos\windowsproject1\windowsproject1\x64\debug\windowsproject1.tlog\link.8288.read.2.tlog
c:\users\влад\source\repos\windowsproject1\windowsproject1\x64\debug\windowsproject1.tlog\link.8288.write.1.tlog
c:\users\влад\source\repos\windowsproject1\windowsproject1\x64\debug\windowsproject1.tlog\link.command.1.tlog
c:\users\влад\source\repos\windowsproject1\windowsproject1\x64\debug\windowsproject1.tlog\link.read.1.tlog
c:\users\влад\source\repos\windowsproject1\windowsproject1\x64\debug\windowsproject1.tlog\link.read.2.tlog
c:\users\влад\source\repos\windowsproject1\windowsproject1\x64\debug\windowsproject1.tlog\link.secondary.1.tlog
c:\users\влад\source\repos\windowsproject1\windowsproject1\x64\debug\windowsproject1.tlog\link.write.1.tlog
c:\users\влад\source\repos\windowsproject1\windowsproject1\x64\debug\windowsproject1.tlog\rc.command.1.tlog
c:\users\влад\source\repos\windowsproject1\windowsproject1\x64\debug\windowsproject1.tlog\rc.read.1.tlog
c:\users\влад\source\repos\windowsproject1\windowsproject1\x64\debug\windowsproject1.tlog\rc.write.1.tlog
